  j1App.cpp
  j1Map.cpp
j1Map.cpp(42): warning C4018: '<': no coinciden signed/unsigned
j1Map.cpp(43): warning C4018: '<': no coinciden signed/unsigned
  j1Player.cpp
j1Player.cpp(22): warning C4305: '=': truncamiento de 'float' a 'bool'
j1Player.cpp(34): warning C4305: '=': truncamiento de 'float' a 'bool'
j1Player.cpp(48): warning C4305: '=': truncamiento de 'float' a 'bool'
j1Player.cpp(66): warning C4305: '=': truncamiento de 'float' a 'bool'
j1Player.cpp(141): warning C4244: '=': conversión de 'double' a 'int'; posible pérdida de datos
j1Player.cpp(311): warning C4244: '=': conversión de 'float' a 'int'; posible pérdida de datos
j1Player.cpp(312): warning C4244: '=': conversión de 'float' a 'int'; posible pérdida de datos
  j1Render.cpp
  j1Scene.cpp
  Generando código
  6 of 413 functions ( 1.5%) were compiled, the rest were copied from previous compilation.
    0 functions were new in current compilation
    2 functions had inline decision re-evaluated but remain unchanged
  Generación de código finalizada
  Motor2D.vcxproj -> C:\Users\Usuario\Documents\GitHub\Development-Game\Release\Motor 2D.exe
